<?xml version="1.0" encoding="UTF-8"?>
<testng-results ignored="0" total="1" passed="1" failed="0" skipped="0">
  <reporter-output>
  </reporter-output>
  <suite started-at="2025-07-24T08:41:42 MMT" name="Surefire suite" finished-at="2025-07-24T08:41:53 MMT" duration-ms="11610">
    <groups>
    </groups>
    <test started-at="2025-07-24T08:41:42 MMT" name="Surefire test" finished-at="2025-07-24T08:41:53 MMT" duration-ms="11610">
      <class name="AProject.tests.SubmitOrderTest">
        <test-method signature="submitOrder()[pri:0, instance:AProject.tests.SubmitOrderTest@1e802ef9]" started-at="2025-07-24T08:41:42 MMT" name="submitOrder" finished-at="2025-07-24T08:41:53 MMT" duration-ms="11565" status="PASS">
          <reporter-output>
          </reporter-output>
        </test-method> <!-- submitOrder -->
      </class> <!-- AProject.tests.SubmitOrderTest -->
    </test> <!-- Surefire test -->
  </suite> <!-- Surefire suite -->
</testng-results>
