<?xml version="1.0" encoding="UTF-8"?>
<testng-results ignored="0" total="1" passed="1" failed="0" skipped="0">
  <reporter-output>
  </reporter-output>
  <suite started-at="2025-08-13T09:07:38 MMT" name="Surefire suite" finished-at="2025-08-13T09:07:52 MMT" duration-ms="13889">
    <groups>
    </groups>
    <test started-at="2025-08-13T09:07:38 MMT" name="Surefire test" finished-at="2025-08-13T09:07:52 MMT" duration-ms="13889">
      <class name="AProject.tests.SubmitOrderTest">
        <test-method signature="submitOrder()[pri:0, instance:AProject.tests.SubmitOrderTest@7880cdf3]" started-at="2025-08-13T09:07:38 MMT" name="submitOrder" finished-at="2025-08-13T09:07:52 MMT" duration-ms="13855" status="PASS">
          <reporter-output>
          </reporter-output>
        </test-method> <!-- submitOrder -->
      </class> <!-- AProject.tests.SubmitOrderTest -->
    </test> <!-- Surefire test -->
  </suite> <!-- Surefire suite -->
</testng-results>
