<?xml version="1.0" encoding="UTF-8"?>
<testng-results ignored="0" total="1" passed="1" failed="0" skipped="0">
  <reporter-output>
  </reporter-output>
  <suite started-at="2025-07-14T09:15:14 MMT" name="Default suite" finished-at="2025-07-14T09:15:56 MMT" duration-ms="42032">
    <groups>
    </groups>
    <test started-at="2025-07-14T09:15:14 MMT" name="Default test" finished-at="2025-07-14T09:15:56 MMT" duration-ms="42032">
      <class name="AProject.tests.SubmitOrderTest">
        <test-method signature="submitOrder()[pri:0, instance:AProject.tests.SubmitOrderTest@34123d65]" started-at="2025-07-14T09:15:14 MMT" name="submitOrder" finished-at="2025-07-14T09:15:56 MMT" duration-ms="41970" status="PASS">
          <reporter-output>
          </reporter-output>
        </test-method> <!-- submitOrder -->
      </class> <!-- AProject.tests.SubmitOrderTest -->
    </test> <!-- Default test -->
  </suite> <!-- Default suite -->
</testng-results>
